<?xml version="1.0" encoding="UTF-8"?>
<testng-results ignored="0" total="1" passed="1" failed="0" skipped="0">
  <reporter-output>
  </reporter-output>
  <suite started-at="2024-10-31T09:38:38 EDT" name="Surefire suite" finished-at="2024-10-31T09:38:45 EDT" duration-ms="6897">
    <groups>
    </groups>
    <test started-at="2024-10-31T09:38:38 EDT" name="Surefire test" finished-at="2024-10-31T09:38:45 EDT" duration-ms="6897">
      <class name="com.ramkrishna.uitests.LoginPageTests">
        <test-method signature="demoMVNRepoSiteTest()[pri:0, instance:com.ramkrishna.uitests.LoginPageTests@37918c79]" started-at="2024-10-31T09:38:38 EDT" name="demoMVNRepoSiteTest" finished-at="2024-10-31T09:38:45 EDT" duration-ms="6839" status="PASS">
          <reporter-output>
          </reporter-output>
        </test-method> <!-- demoMVNRepoSiteTest -->
      </class> <!-- com.ramkrishna.uitests.LoginPageTests -->
    </test> <!-- Surefire test -->
  </suite> <!-- Surefire suite -->
</testng-results>
