<?xml version="1.0" encoding="UTF-8"?>
<!-- Generated by org.testng.reporters.JUnitXMLReporter -->
<testsuite ignored="0" hostname="LAPTOP-0BN6G3UL" failures="0" tests="7" name="Surefire test" time="4.286" errors="0" timestamp="2024-10-31T09:38:35 EDT">
  <testcase classname="com.ramkrishna.restapitests.TestAPIDemo" name="createBookingTest" time="1.274"/>
  <testcase classname="com.ramkrishna.restapitests.TestAPIDemo" name="deleteBookingTest" time="1.085"/>
  <testcase classname="com.ramkrishna.restapitests.TestAPIDemo" name="getBookingByIdsTest" time="0.181"/>
  <testcase classname="com.ramkrishna.restapitests.TestAPIDemo" name="getBookingIdsTest" time="0.442"/>
  <testcase classname="com.ramkrishna.restapitests.TestAPIDemo" name="partialUpdateBookingTest" time="0.3"/>
  <testcase classname="com.ramkrishna.restapitests.TestAPIDemo" name="pingTest" time="0.177"/>
  <testcase classname="com.ramkrishna.restapitests.TestAPIDemo" name="updateBookingTest" time="0.282"/>
</testsuite> <!-- Surefire test -->
